<?xml version="1.0" encoding="UTF-8"?>
<Site BuildName="(empty)"
	BuildStamp="20230928-1201-Experimental"
	Name="(empty)"
	Generator="ctest-3.27.4"
	CompilerName=""
	CompilerVersion=""
	OSName="Linux"
	Hostname="fedora"
	OSRelease="6.5.5-200.fc38.x86_64"
	OSVersion="#1 SMP PREEMPT_DYNAMIC Sun Sep 24 15:52:44 UTC 2023"
	OSPlatform="x86_64"
	Is64Bits="1"
	VendorString="GenuineIntel"
	VendorID="Intel Corporation"
	FamilyID="6"
	ModelID="140"
	ProcessorCacheSize="8192"
	NumberOfLogicalCPU="8"
	NumberOfPhysicalCPU="4"
	TotalVirtualMemory="8191"
	TotalPhysicalMemory="11690"
	LogicalProcessorsPerPhysical="2"
	ProcessorClockFrequency="3800"
	>
	<Testing>
		<StartDateTime>Sep 28 14:02 CEST</StartDateTime>
		<StartTestTime>1695902523</StartTestTime>
		<TestList/>
		<EndDateTime>Sep 28 14:02 CEST</EndDateTime>
		<EndTestTime>1695902523</EndTestTime>
		<ElapsedMinutes>0</ElapsedMinutes>
	</Testing>
</Site>
